This is XeTeX, Version 3.14159265-2.6-0.999992 (TeX Live 2020) (preloaded format=xelatex 2020.10.24)  7 DEC 2020 12:38
entering extended mode
 restricted \write18 enabled.
 %&-line parsing enabled.
**/Volumes/Data/Programming/dotpandoc/templates/custom/UC_Letterhead.latex
(/Volumes/Data/Programming/dotpandoc/templates/custom/UC_Letterhead.latex
LaTeX2e <2020-10-01> patch level 1
L3 programming layer <2020-10-05> xparse <2020-03-03>

! LaTeX Error: Missing \begin{document}.

See the LaTeX manual or LaTeX Companion for explanation.
Type  H <return>  for immediate help.
 ...                                              
                                                  
l.22 $
      if(colorlinks)$ 
Here is how much of TeX's memory you used:
 20 strings out of 478970
 648 string characters out of 5868974
 269719 words of memory out of 5000000
 19504 multiletter control sequences out of 15000+600000
 535088 words of font info for 29 fonts, out of 8000000 for 9000
 319 hyphenation exceptions out of 8191
 25i,0n,31p,233b,14s stack positions out of 5000i,500n,10000p,200000b,80000s

No pages of output.
